<?xml version="1.0" encoding="UTF-8"?>
<testng-results ignored="0" total="1" passed="1" failed="0" skipped="0">
  <reporter-output>
  </reporter-output>
  <suite started-at="2022-02-11T15:23:16 IST" name="Default suite" finished-at="2022-02-11T15:24:33 IST" duration-ms="76060">
    <groups>
    </groups>
    <test started-at="2022-02-11T15:23:16 IST" name="Default test" finished-at="2022-02-11T15:24:33 IST" duration-ms="76060">
      <class name="test1.BPMSection">
        <test-method signature="login()[pri:0, instance:test1.BPMSection@7714e963]" started-at="2022-02-11T15:23:16 IST" name="login" finished-at="2022-02-11T15:24:33 IST" duration-ms="76035" status="PASS">
          <reporter-output>
          </reporter-output>
        </test-method> <!-- login -->
      </class> <!-- test1.BPMSection -->
    </test> <!-- Default test -->
  </suite> <!-- Default suite -->
</testng-results>
